c:\users\nimaf\onedrive\desktop\ie\master\courses\csc586d\assignment3\anim\debug\vc143.pdb
c:\users\nimaf\onedrive\desktop\ie\master\courses\csc586d\assignment3\anim\debug\vc143.idb
c:\users\nimaf\onedrive\desktop\ie\master\courses\csc586d\assignment3\anim\debug\anim.obj
c:\users\nimaf\onedrive\desktop\ie\master\courses\csc586d\assignment3\anim\debug\animtcl.obj
c:\users\nimaf\onedrive\desktop\ie\master\courses\csc586d\assignment3\anim\debug\baseobject.obj
c:\users\nimaf\onedrive\desktop\ie\master\courses\csc586d\assignment3\anim\debug\basesimulator.obj
c:\users\nimaf\onedrive\desktop\ie\master\courses\csc586d\assignment3\anim\debug\globalresourcemanager.obj
c:\users\nimaf\onedrive\desktop\ie\master\courses\csc586d\assignment3\anim\debug\hermitesystem.obj
c:\users\nimaf\onedrive\desktop\ie\master\courses\csc586d\assignment3\anim\debug\jacobian.obj
c:\users\nimaf\onedrive\desktop\ie\master\courses\csc586d\assignment3\anim\debug\myscene.obj
c:\users\nimaf\onedrive\desktop\ie\master\courses\csc586d\assignment3\anim\debug\resourcemanager.obj
c:\users\nimaf\onedrive\desktop\ie\master\courses\csc586d\assignment3\anim\debug\iksim.obj
c:\users\nimaf\onedrive\desktop\ie\master\courses\csc586d\assignment3\anim\debug\bobsystem.obj
c:\users\nimaf\onedrive\desktop\ie\master\courses\csc586d\assignment3\anim\debug\basesystem.obj
c:\users\nimaf\onedrive\desktop\ie\master\courses\csc586d\assignment3\anim\debug\solver.obj
c:\users\nimaf\onedrive\desktop\ie\master\courses\csc586d\assignment3\anim\debug\transformation.obj
c:\users\nimaf\onedrive\desktop\ie\master\courses\csc586d\assignment3\anim\debug\anim.tlog\cl.command.1.tlog
c:\users\nimaf\onedrive\desktop\ie\master\courses\csc586d\assignment3\anim\debug\anim.tlog\cl.read.1.tlog
c:\users\nimaf\onedrive\desktop\ie\master\courses\csc586d\assignment3\anim\debug\anim.tlog\cl.write.1.tlog
c:\users\nimaf\onedrive\desktop\ie\master\courses\csc586d\assignment3\anim\debug\anim.tlog\link-cvtres.read.1.tlog
c:\users\nimaf\onedrive\desktop\ie\master\courses\csc586d\assignment3\anim\debug\anim.tlog\link-cvtres.write.1.tlog
c:\users\nimaf\onedrive\desktop\ie\master\courses\csc586d\assignment3\anim\debug\anim.tlog\link-rc.read.1.tlog
c:\users\nimaf\onedrive\desktop\ie\master\courses\csc586d\assignment3\anim\debug\anim.tlog\link-rc.write.1.tlog
c:\users\nimaf\onedrive\desktop\ie\master\courses\csc586d\assignment3\anim\debug\anim.tlog\link.command.1.tlog
c:\users\nimaf\onedrive\desktop\ie\master\courses\csc586d\assignment3\anim\debug\anim.tlog\link.read.1.tlog
c:\users\nimaf\onedrive\desktop\ie\master\courses\csc586d\assignment3\anim\debug\anim.tlog\link.write.1.tlog
